<?xml version="1.0" encoding="UTF-8"?>
<testng-results skipped="0" failed="0" ignored="0" total="1" passed="1">
  <reporter-output>
  </reporter-output>
  <suite name="Default suite" duration-ms="24106" started-at="2020-12-26T20:14:24Z" finished-at="2020-12-26T20:14:48Z">
    <groups>
    </groups>
    <test name="Default test" duration-ms="24106" started-at="2020-12-26T20:14:24Z" finished-at="2020-12-26T20:14:48Z">
      <class name="assignment2.Assignment2_1">
        <test-method status="PASS" signature="m1()[pri:0, instance:assignment2.Assignment2_1@48cd319d]" name="m1" duration-ms="24000" started-at="2020-12-26T20:14:24Z" finished-at="2020-12-26T20:14:48Z">
          <reporter-output>
          </reporter-output>
        </test-method> <!-- m1 -->
      </class> <!-- assignment2.Assignment2_1 -->
    </test> <!-- Default test -->
  </suite> <!-- Default suite -->
</testng-results>
